<?xml version="1.0" encoding="UTF-8"?>
<!-- Generated by org.testng.reporters.JUnitReportReporter -->
<testsuite skipped="0" hostname="IXIA-DO-0002" name="testCases.FirstEndToEndTest" tests="1" failures="0" timestamp="12 Oct 2018 07:04:04 GMT" time="0.005" errors="0">
  <testcase name="firstTest" time="0.005" classname="testCases.FirstEndToEndTest"/>
</testsuite> <!-- testCases.FirstEndToEndTest -->
