<?xml version="1.0" encoding="UTF-8"?>
<!-- Generated by org.testng.reporters.JUnitReportReporter -->
<testsuite skipped="0" hostname="IXIA-DO-0002" name="testCases.SecondEndToEndTest" tests="1" failures="0" timestamp="12 Oct 2018 10:56:05 GMT" time="1.690" errors="0">
  <testcase name="secondTest" time="1.690" classname="testCases.SecondEndToEndTest"/>
</testsuite> <!-- testCases.SecondEndToEndTest -->
