<?xml version="1.0" encoding="UTF-8"?>
<!-- Generated by org.testng.reporters.JUnitReportReporter -->
<testsuite skipped="0" hostname="IXIA-DO-0002" name="testCases.ThirdEndToEndTest" tests="1" failures="0" timestamp="12 Oct 2018 12:51:12 GMT" time="1.604" errors="0">
  <testcase name="thirdTest" time="1.604" classname="testCases.ThirdEndToEndTest"/>
</testsuite> <!-- testCases.ThirdEndToEndTest -->
